<?xml version="1.0" encoding="UTF-8" standalone="no"?>
<testsuite errors="0" failures="1" name="io.cucumber.core.plugin.JUnitFormatter" skipped="0" tests="5" time="91.975">
    <testcase classname="US1010 Kullanici Scenario Outline ile Editor sayfasinda kayit olusturur" name="TC15 Editor sayfasinda birden fazla kayit olusturabilmeli" time="7.171">
        <system-out>
            <![CDATA[When kullanici "editorUrl" anasayfaya gider.................................passed
Then new butonuna basar.....................................................passed
And First name kutusuna "Ilker" yazar.......................................passed
And Last name kutusuna "Bulut" yazar........................................passed
And position kutusuna "QA" yazar............................................passed
And Office kutusuna "Istanbul" yazar........................................passed
And Extension kutusuna "levent" yazar.......................................passed
And Start date kutusuna "2021-10-01" yazar..................................passed
And Salary kutusuna "20000" yazar...........................................passed
And Create tusuna basar.....................................................passed
When kullanici "Ilker" ile arama yapar......................................passed
Then isim bolumunde "Ilker" oldugunu dogrular...............................passed
And 3 saniye bekler.........................................................passed
]]>
        </system-out>
    </testcase>
    <testcase classname="US1010 Kullanici Scenario Outline ile Editor sayfasinda kayit olusturur" name="TC15 Editor sayfasinda birden fazla kayit olusturabilmeli 2" time="33.969">
        <failure message="no such element: Unable to locate element: {&quot;method&quot;:&quot;xpath&quot;,&quot;selector&quot;:&quot;//td[@class='sorting_1']&quot;}&#10;  (Session info: chrome=108.0.5359.126)&#10;For documentation on this error, please visit: https://selenium.dev/exceptions/#no_such_element&#10;Build info: version: '4.5.3', revision: '4b786a1e430'&#10;System info: os.name: 'Windows 10', os.arch: 'amd64', os.version: '10.0', java.version: '11.0.17'&#10;Driver info: org.openqa.selenium.chrome.ChromeDriver&#10;Command: [02f979437aca4cd0eeec3dd5f4889ced, findElement {using=xpath, value=//td[@class='sorting_1']}]&#10;Capabilities {acceptInsecureCerts: false, browserName: chrome, browserVersion: 108.0.5359.126, chrome: {chromedriverVersion: 108.0.5359.71 (1e0e3868ee06..., userDataDir: C:\Users\bulen\AppData\Loca...}, goog:chromeOptions: {debuggerAddress: localhost:55807}, networkConnectionEnabled: false, pageLoadStrategy: normal, platformName: WINDOWS, proxy: Proxy(), se:cdp: ws://localhost:55807/devtoo..., se:cdpVersion: 108.0.5359.126, setWindowRect: true, strictFileInteractability: false, timeouts: {implicit: 0, pageLoad: 300000, script: 30000}, unhandledPromptBehavior: dismiss and notify, webauthn:extension:credBlob: true, webauthn:extension:largeBlob: true, webauthn:virtualAuthenticators: true}&#10;Session ID: 02f979437aca4cd0eeec3dd5f4889ced" type="org.openqa.selenium.NoSuchElementException">
            <![CDATA[When kullanici "editorUrl" anasayfaya gider.................................passed
Then new butonuna basar.....................................................passed
And First name kutusuna "Hikmet" yazar......................................passed
And Last name kutusuna "Can" yazar..........................................passed
And position kutusuna "QA" yazar............................................passed
And Office kutusuna "Ankara" yazar..........................................passed
And Extension kutusuna "kizilay" yazar......................................passed
And Start date kutusuna "2021-08 01" yazar..................................passed
And Salary kutusuna "25000" yazar...........................................passed
And Create tusuna basar.....................................................passed
When kullanici "Hikmet" ile arama yapar.....................................passed
Then isim bolumunde "Hikmet" oldugunu dogrular..............................failed
And 3 saniye bekler.........................................................skipped

StackTrace:
org.openqa.selenium.NoSuchElementException: no such element: Unable to locate element: {"method":"xpath","selector":"//td[@class='sorting_1']"}
  (Session info: chrome=108.0.5359.126)
For documentation on this error, please visit: https://selenium.dev/exceptions/#no_such_element
Build info: version: '4.5.3', revision: '4b786a1e430'
System info: os.name: 'Windows 10', os.arch: 'amd64', os.version: '10.0', java.version: '11.0.17'
Driver info: org.openqa.selenium.chrome.ChromeDriver
Command: [02f979437aca4cd0eeec3dd5f4889ced, findElement {using=xpath, value=//td[@class='sorting_1']}]
Capabilities {acceptInsecureCerts: false, browserName: chrome, browserVersion: 108.0.5359.126, chrome: {chromedriverVersion: 108.0.5359.71 (1e0e3868ee06..., userDataDir: C:\Users\bulen\AppData\Loca...}, goog:chromeOptions: {debuggerAddress: localhost:55807}, networkConnectionEnabled: false, pageLoadStrategy: normal, platformName: WINDOWS, proxy: Proxy(), se:cdp: ws://localhost:55807/devtoo..., se:cdpVersion: 108.0.5359.126, setWindowRect: true, strictFileInteractability: false, timeouts: {implicit: 0, pageLoad: 300000, script: 30000}, unhandledPromptBehavior: dismiss and notify, webauthn:extension:credBlob: true, webauthn:extension:largeBlob: true, webauthn:virtualAuthenticators: true}
Session ID: 02f979437aca4cd0eeec3dd5f4889ced
	at java.base/jdk.internal.reflect.NativeConstructorAccessorImpl.newInstance0(Native Method)
	at java.base/jdk.internal.reflect.NativeConstructorAccessorImpl.newInstance(NativeConstructorAccessorImpl.java:62)
	at java.base/jdk.internal.reflect.DelegatingConstructorAccessorImpl.newInstance(DelegatingConstructorAccessorImpl.java:45)
	at java.base/java.lang.reflect.Constructor.newInstance(Constructor.java:490)
	at org.openqa.selenium.remote.codec.w3c.W3CHttpResponseCodec.createException(W3CHttpResponseCodec.java:200)
	at org.openqa.selenium.remote.codec.w3c.W3CHttpResponseCodec.decode(W3CHttpResponseCodec.java:133)
	at org.openqa.selenium.remote.codec.w3c.W3CHttpResponseCodec.decode(W3CHttpResponseCodec.java:53)
	at org.openqa.selenium.remote.HttpCommandExecutor.execute(HttpCommandExecutor.java:184)
	at org.openqa.selenium.remote.service.DriverCommandExecutor.invokeExecute(DriverCommandExecutor.java:167)
	at org.openqa.selenium.remote.service.DriverCommandExecutor.execute(DriverCommandExecutor.java:142)
	at org.openqa.selenium.remote.RemoteWebDriver.execute(RemoteWebDriver.java:541)
	at org.openqa.selenium.remote.ElementLocation$ElementFinder$2.findElement(ElementLocation.java:162)
	at org.openqa.selenium.remote.ElementLocation.findElement(ElementLocation.java:60)
	at org.openqa.selenium.remote.RemoteWebDriver.findElement(RemoteWebDriver.java:365)
	at org.openqa.selenium.remote.RemoteWebDriver.findElement(RemoteWebDriver.java:357)
	at org.openqa.selenium.support.pagefactory.DefaultElementLocator.findElement(DefaultElementLocator.java:70)
	at org.openqa.selenium.support.pagefactory.internal.LocatingElementHandler.invoke(LocatingElementHandler.java:39)
	at com.sun.proxy.$Proxy23.getText(Unknown Source)
	at stepdefinitions.EditorStepdefinitions.isim_bolumunde_oldugunu_dogrular(EditorStepdefinitions.java:56)
	at âœ½.isim bolumunde "Hikmet" oldugunu dogrular(file:///C:/Users/bulen/IdeaProjects/com.team105Cucumber/src/test/resources/features/US1010_EditorsayfasindaKayitOlusturma.feature:19)
]]>
        </failure>
    </testcase>
    <testcase classname="US1010 Kullanici Scenario Outline ile Editor sayfasinda kayit olusturur" name="TC15 Editor sayfasinda birden fazla kayit olusturabilmeli 3" time="22.298">
        <system-out>
            <![CDATA[When kullanici "editorUrl" anasayfaya gider.................................passed
Then new butonuna basar.....................................................passed
And First name kutusuna "Mehmet" yazar......................................passed
And Last name kutusuna "Saglam" yazar.......................................passed
And position kutusuna "QA" yazar............................................passed
And Office kutusuna "Izmir" yazar...........................................passed
And Extension kutusuna "Konak" yazar........................................passed
And Start date kutusuna "2022-02-01" yazar..................................passed
And Salary kutusuna "22000" yazar...........................................passed
And Create tusuna basar.....................................................passed
When kullanici "Mehmet" ile arama yapar.....................................passed
Then isim bolumunde "Mehmet" oldugunu dogrular..............................passed
And 3 saniye bekler.........................................................passed
]]>
        </system-out>
    </testcase>
    <testcase classname="US1010 Kullanici Scenario Outline ile Editor sayfasinda kayit olusturur" name="TC15 Editor sayfasinda birden fazla kayit olusturabilmeli 4" time="22.063">
        <system-out>
            <![CDATA[When kullanici "editorUrl" anasayfaya gider.................................passed
Then new butonuna basar.....................................................passed
And First name kutusuna "Sule" yazar........................................passed
And Last name kutusuna "ulus" yazar.........................................passed
And position kutusuna "QA" yazar............................................passed
And Office kutusuna "Istanbul" yazar........................................passed
And Extension kutusuna "Kadikoy" yazar......................................passed
And Start date kutusuna "2023-01-01" yazar..................................passed
And Salary kutusuna "26000" yazar...........................................passed
And Create tusuna basar.....................................................passed
When kullanici "Sule" ile arama yapar.......................................passed
Then isim bolumunde "Sule" oldugunu dogrular................................passed
And 3 saniye bekler.........................................................passed
]]>
        </system-out>
    </testcase>
    <testcase classname="US1010 Kullanici Scenario Outline ile Editor sayfasinda kayit olusturur" name="TC15 Editor sayfasinda birden fazla kayit olusturabilmeli 5" time="6.265">
        <system-out>
            <![CDATA[When kullanici "editorUrl" anasayfaya gider.................................passed
Then new butonuna basar.....................................................passed
And First name kutusuna "Meryem" yazar......................................passed
And Last name kutusuna "Toprak" yazar.......................................passed
And position kutusuna "QA" yazar............................................passed
And Office kutusuna "Istanbul" yazar........................................passed
And Extension kutusuna "levent" yazar.......................................passed
And Start date kutusuna "2022-01-01" yazar..................................passed
And Salary kutusuna "20000" yazar...........................................passed
And Create tusuna basar.....................................................passed
When kullanici "Meryem" ile arama yapar.....................................passed
Then isim bolumunde "Meryem" oldugunu dogrular..............................passed
And 3 saniye bekler.........................................................passed
]]>
        </system-out>
    </testcase>
</testsuite>
